TN:
SF:/Code/timing2/src/index.ts
FN:11,(anonymous_0)
FN:18,(anonymous_1)
FN:39,getTiming
FN:63,extractMetrics
FN:66,(anonymous_4)
FN:67,(anonymous_5)
FN:90,(anonymous_6)
FN:91,(anonymous_7)
FNF:8
FNH:3
FNDA:1,(anonymous_0)
FNDA:1,(anonymous_1)
FNDA:1,getTiming
FNDA:0,extractMetrics
FNDA:0,(anonymous_4)
FNDA:0,(anonymous_5)
FNDA:0,(anonymous_6)
FNDA:0,(anonymous_7)
DA:11,1
DA:13,1
DA:15,1
DA:18,1
DA:20,1
DA:22,1
DA:24,1
DA:39,1
DA:40,1
DA:41,1
DA:44,0
DA:45,0
DA:49,0
DA:50,0
DA:51,0
DA:55,0
DA:56,0
DA:57,0
DA:60,0
DA:64,0
DA:66,0
DA:67,0
DA:70,0
DA:77,0
DA:83,0
DA:89,0
DA:90,0
DA:91,0
DA:93,0
DA:99,0
DA:106,0
DA:113,0
DA:120,0
DA:127,0
DA:134,0
DA:141,0
DA:142,0
DA:143,0
DA:151,0
DA:158,0
DA:169,0
DA:177,0
DA:185,0
DA:192,0
DA:199,0
DA:206,0
LF:46
LH:10
BRDA:11,0,0,1
BRDA:11,0,1,1
BRDA:18,1,0,1
BRDA:18,1,1,1
BRDA:40,2,0,1
BRDA:40,2,1,0
BRDA:40,3,0,1
BRDA:40,3,1,0
BRDA:44,4,0,0
BRDA:44,4,1,0
BRDA:49,5,0,0
BRDA:49,5,1,0
BRDA:55,6,0,0
BRDA:55,6,1,0
BRDA:89,7,0,0
BRDA:89,7,1,0
BRDA:142,8,0,0
BRDA:142,8,1,0
BRF:18
BRH:6
end_of_record
